<?xml version="1.0" encoding="UTF-8"?>
<testng-results ignored="0" total="16" passed="16" failed="0" skipped="0">
  <reporter-output>
  </reporter-output>
  <suite started-at="2026-03-22T09:15:00 EDT" name="Default suite" finished-at="2026-03-22T09:15:00 EDT" duration-ms="211">
    <groups>
    </groups>
    <test started-at="2026-03-22T09:15:00 EDT" name="Default test" finished-at="2026-03-22T09:15:00 EDT" duration-ms="211">
      <class name="com.crd.RebalancerTest">
        <test-method signature="currentPercentLessThanZero()[pri:0, instance:com.crd.RebalancerTest@7e6f74c]" started-at="2026-03-22T09:15:00 EDT" name="currentPercentLessThanZero" finished-at="2026-03-22T09:15:00 EDT" duration-ms="27" status="PASS">
          <exception class="java.lang.IllegalArgumentException">
            <message>
              <![CDATA[Percentages cannot be negative]]>
            </message>
            <full-stacktrace>
              <![CDATA[java.lang.IllegalArgumentException: Percentages cannot be negative
at com.crd.Rebalancer.calculateShares(Rebalancer.java:20)
at com.crd.RebalancerTest.currentPercentLessThanZero(RebalancerTest.java:70)
at java.base/jdk.internal.reflect.DirectMethodHandleAccessor.invoke(DirectMethodHandleAccessor.java:103)
at java.base/java.lang.reflect.Method.invoke(Method.java:580)
at org.testng.internal.invokers.MethodInvocationHelper.invokeMethod(MethodInvocationHelper.java:141)
at org.testng.internal.invokers.TestInvoker.invokeMethod(TestInvoker.java:687)
at org.testng.internal.invokers.TestInvoker.invokeTestMethod(TestInvoker.java:230)
at org.testng.internal.invokers.MethodRunner.runInSequence(MethodRunner.java:63)
at org.testng.internal.invokers.TestInvoker$MethodInvocationAgent.invoke(TestInvoker.java:995)
at org.testng.internal.invokers.TestInvoker.invokeTestMethods(TestInvoker.java:203)
at org.testng.internal.invokers.TestMethodWorker.invokeTestMethods(TestMethodWorker.java:154)
at org.testng.internal.invokers.TestMethodWorker.run(TestMethodWorker.java:134)
at java.base/java.util.ArrayList.forEach(ArrayList.java:1596)
at org.testng.TestRunner.privateRun(TestRunner.java:741)
at org.testng.TestRunner.run(TestRunner.java:616)
at org.testng.SuiteRunner.runTest(SuiteRunner.java:421)
at org.testng.SuiteRunner.runSequentially(SuiteRunner.java:413)
at org.testng.SuiteRunner.privateRun(SuiteRunner.java:373)
at org.testng.SuiteRunner.run(SuiteRunner.java:312)
at org.testng.SuiteRunnerWorker.runSuite(SuiteRunnerWorker.java:52)
at org.testng.SuiteRunnerWorker.run(SuiteRunnerWorker.java:95)
at org.testng.TestNG.runSuitesSequentially(TestNG.java:1274)
at org.testng.TestNG.runSuitesLocally(TestNG.java:1208)
at org.testng.TestNG.runSuites(TestNG.java:1112)
at org.testng.TestNG.run(TestNG.java:1079)
at org.testng.remote.AbstractRemoteTestNG.run(AbstractRemoteTestNG.java:115)
at org.testng.remote.RemoteTestNG.initAndRun(RemoteTestNG.java:293)
at org.testng.remote.RemoteTestNG.main(RemoteTestNG.java:91)
]]>
            </full-stacktrace>
          </exception> <!-- java.lang.IllegalArgumentException -->
          <reporter-output>
          </reporter-output>
        </test-method> <!-- currentPercentLessThanZero -->
        <test-method signature="priceZero()[pri:0, instance:com.crd.RebalancerTest@7e6f74c]" started-at="2026-03-22T09:15:00 EDT" name="priceZero" finished-at="2026-03-22T09:15:00 EDT" duration-ms="0" status="PASS">
          <exception class="java.lang.IllegalArgumentException">
            <message>
              <![CDATA[Price must  be greater than 0]]>
            </message>
            <full-stacktrace>
              <![CDATA[java.lang.IllegalArgumentException: Price must  be greater than 0
at com.crd.Rebalancer.calculateShares(Rebalancer.java:16)
at com.crd.RebalancerTest.priceZero(RebalancerTest.java:60)
at java.base/jdk.internal.reflect.DirectMethodHandleAccessor.invoke(DirectMethodHandleAccessor.java:103)
at java.base/java.lang.reflect.Method.invoke(Method.java:580)
at org.testng.internal.invokers.MethodInvocationHelper.invokeMethod(MethodInvocationHelper.java:141)
at org.testng.internal.invokers.TestInvoker.invokeMethod(TestInvoker.java:687)
at org.testng.internal.invokers.TestInvoker.invokeTestMethod(TestInvoker.java:230)
at org.testng.internal.invokers.MethodRunner.runInSequence(MethodRunner.java:63)
at org.testng.internal.invokers.TestInvoker$MethodInvocationAgent.invoke(TestInvoker.java:995)
at org.testng.internal.invokers.TestInvoker.invokeTestMethods(TestInvoker.java:203)
at org.testng.internal.invokers.TestMethodWorker.invokeTestMethods(TestMethodWorker.java:154)
at org.testng.internal.invokers.TestMethodWorker.run(TestMethodWorker.java:134)
at java.base/java.util.ArrayList.forEach(ArrayList.java:1596)
at org.testng.TestRunner.privateRun(TestRunner.java:741)
at org.testng.TestRunner.run(TestRunner.java:616)
at org.testng.SuiteRunner.runTest(SuiteRunner.java:421)
at org.testng.SuiteRunner.runSequentially(SuiteRunner.java:413)
at org.testng.SuiteRunner.privateRun(SuiteRunner.java:373)
at org.testng.SuiteRunner.run(SuiteRunner.java:312)
at org.testng.SuiteRunnerWorker.runSuite(SuiteRunnerWorker.java:52)
at org.testng.SuiteRunnerWorker.run(SuiteRunnerWorker.java:95)
at org.testng.TestNG.runSuitesSequentially(TestNG.java:1274)
at org.testng.TestNG.runSuitesLocally(TestNG.java:1208)
at org.testng.TestNG.runSuites(TestNG.java:1112)
at org.testng.TestNG.run(TestNG.java:1079)
at org.testng.remote.AbstractRemoteTestNG.run(AbstractRemoteTestNG.java:115)
at org.testng.remote.RemoteTestNG.initAndRun(RemoteTestNG.java:293)
at org.testng.remote.RemoteTestNG.main(RemoteTestNG.java:91)
]]>
            </full-stacktrace>
          </exception> <!-- java.lang.IllegalArgumentException -->
          <reporter-output>
          </reporter-output>
        </test-method> <!-- priceZero -->
        <test-method signature="targetPercentLessThanZero()[pri:0, instance:com.crd.RebalancerTest@7e6f74c]" started-at="2026-03-22T09:15:00 EDT" name="targetPercentLessThanZero" finished-at="2026-03-22T09:15:00 EDT" duration-ms="7" status="PASS">
          <exception class="java.lang.IllegalArgumentException">
            <message>
              <![CDATA[Percentages cannot be negative]]>
            </message>
            <full-stacktrace>
              <![CDATA[java.lang.IllegalArgumentException: Percentages cannot be negative
at com.crd.Rebalancer.calculateShares(Rebalancer.java:20)
at com.crd.RebalancerTest.targetPercentLessThanZero(RebalancerTest.java:65)
at java.base/jdk.internal.reflect.DirectMethodHandleAccessor.invoke(DirectMethodHandleAccessor.java:103)
at java.base/java.lang.reflect.Method.invoke(Method.java:580)
at org.testng.internal.invokers.MethodInvocationHelper.invokeMethod(MethodInvocationHelper.java:141)
at org.testng.internal.invokers.TestInvoker.invokeMethod(TestInvoker.java:687)
at org.testng.internal.invokers.TestInvoker.invokeTestMethod(TestInvoker.java:230)
at org.testng.internal.invokers.MethodRunner.runInSequence(MethodRunner.java:63)
at org.testng.internal.invokers.TestInvoker$MethodInvocationAgent.invoke(TestInvoker.java:995)
at org.testng.internal.invokers.TestInvoker.invokeTestMethods(TestInvoker.java:203)
at org.testng.internal.invokers.TestMethodWorker.invokeTestMethods(TestMethodWorker.java:154)
at org.testng.internal.invokers.TestMethodWorker.run(TestMethodWorker.java:134)
at java.base/java.util.ArrayList.forEach(ArrayList.java:1596)
at org.testng.TestRunner.privateRun(TestRunner.java:741)
at org.testng.TestRunner.run(TestRunner.java:616)
at org.testng.SuiteRunner.runTest(SuiteRunner.java:421)
at org.testng.SuiteRunner.runSequentially(SuiteRunner.java:413)
at org.testng.SuiteRunner.privateRun(SuiteRunner.java:373)
at org.testng.SuiteRunner.run(SuiteRunner.java:312)
at org.testng.SuiteRunnerWorker.runSuite(SuiteRunnerWorker.java:52)
at org.testng.SuiteRunnerWorker.run(SuiteRunnerWorker.java:95)
at org.testng.TestNG.runSuitesSequentially(TestNG.java:1274)
at org.testng.TestNG.runSuitesLocally(TestNG.java:1208)
at org.testng.TestNG.runSuites(TestNG.java:1112)
at org.testng.TestNG.run(TestNG.java:1079)
at org.testng.remote.AbstractRemoteTestNG.run(AbstractRemoteTestNG.java:115)
at org.testng.remote.RemoteTestNG.initAndRun(RemoteTestNG.java:293)
at org.testng.remote.RemoteTestNG.main(RemoteTestNG.java:91)
]]>
            </full-stacktrace>
          </exception> <!-- java.lang.IllegalArgumentException -->
          <reporter-output>
          </reporter-output>
        </test-method> <!-- targetPercentLessThanZero -->
        <test-method signature="testBoundaryValues()[pri:0, instance:com.crd.RebalancerTest@7e6f74c]" started-at="2026-03-22T09:15:00 EDT" name="testBoundaryValues" finished-at="2026-03-22T09:15:00 EDT" duration-ms="6" status="PASS">
          <reporter-output>
          </reporter-output>
        </test-method> <!-- testBoundaryValues -->
        <test-method signature="testFractionalSharesRounding()[pri:0, instance:com.crd.RebalancerTest@7e6f74c]" started-at="2026-03-22T09:15:00 EDT" name="testFractionalSharesRounding" finished-at="2026-03-22T09:15:00 EDT" duration-ms="0" status="PASS">
          <reporter-output>
          </reporter-output>
        </test-method> <!-- testFractionalSharesRounding -->
        <test-method signature="testLargePortfolio()[pri:0, instance:com.crd.RebalancerTest@7e6f74c]" started-at="2026-03-22T09:15:00 EDT" name="testLargePortfolio" finished-at="2026-03-22T09:15:00 EDT" duration-ms="2" status="PASS">
          <reporter-output>
          </reporter-output>
        </test-method> <!-- testLargePortfolio -->
        <test-method signature="testShareCalculation(int,double,double,double,int)[pri:0, instance:com.crd.RebalancerTest@7e6f74c]" started-at="2026-03-22T09:15:00 EDT" name="testShareCalculation" data-provider="rebalanceData" finished-at="2026-03-22T09:15:00 EDT" duration-ms="11" status="PASS">
          <params>
            <param index="0">
              <value>
                <![CDATA[100000]]>
              </value>
            </param>
            <param index="1">
              <value>
                <![CDATA[20]]>
              </value>
            </param>
            <param index="2">
              <value>
                <![CDATA[10]]>
              </value>
            </param>
            <param index="3">
              <value>
                <![CDATA[150]]>
              </value>
            </param>
            <param index="4">
              <value>
                <![CDATA[66]]>
              </value>
            </param>
          </params>
          <reporter-output>
          </reporter-output>
        </test-method> <!-- testShareCalculation -->
        <test-method signature="testShareCalculation(int,double,double,double,int)[pri:0, instance:com.crd.RebalancerTest@7e6f74c]" started-at="2026-03-22T09:15:00 EDT" name="testShareCalculation" data-provider="rebalanceData" finished-at="2026-03-22T09:15:00 EDT" duration-ms="0" status="PASS">
          <params>
            <param index="0">
              <value>
                <![CDATA[100000]]>
              </value>
            </param>
            <param index="1">
              <value>
                <![CDATA[20]]>
              </value>
            </param>
            <param index="2">
              <value>
                <![CDATA[30]]>
              </value>
            </param>
            <param index="3">
              <value>
                <![CDATA[220]]>
              </value>
            </param>
            <param index="4">
              <value>
                <![CDATA[-45]]>
              </value>
            </param>
          </params>
          <reporter-output>
          </reporter-output>
        </test-method> <!-- testShareCalculation -->
        <test-method signature="testShareCalculation(int,double,double,double,int)[pri:0, instance:com.crd.RebalancerTest@7e6f74c]" started-at="2026-03-22T09:15:00 EDT" name="testShareCalculation" data-provider="rebalanceData" finished-at="2026-03-22T09:15:00 EDT" duration-ms="1" status="PASS">
          <params>
            <param index="0">
              <value>
                <![CDATA[100000]]>
              </value>
            </param>
            <param index="1">
              <value>
                <![CDATA[20]]>
              </value>
            </param>
            <param index="2">
              <value>
                <![CDATA[20]]>
              </value>
            </param>
            <param index="3">
              <value>
                <![CDATA[90]]>
              </value>
            </param>
            <param index="4">
              <value>
                <![CDATA[0]]>
              </value>
            </param>
          </params>
          <reporter-output>
          </reporter-output>
        </test-method> <!-- testShareCalculation -->
        <test-method signature="testShareCalculation(int,double,double,double,int)[pri:0, instance:com.crd.RebalancerTest@7e6f74c]" started-at="2026-03-22T09:15:00 EDT" name="testShareCalculation" data-provider="rebalanceData" finished-at="2026-03-22T09:15:00 EDT" duration-ms="4" status="PASS">
          <params>
            <param index="0">
              <value>
                <![CDATA[100000]]>
              </value>
            </param>
            <param index="1">
              <value>
                <![CDATA[20]]>
              </value>
            </param>
            <param index="2">
              <value>
                <![CDATA[20]]>
              </value>
            </param>
            <param index="3">
              <value>
                <![CDATA[450]]>
              </value>
            </param>
            <param index="4">
              <value>
                <![CDATA[0]]>
              </value>
            </param>
          </params>
          <reporter-output>
          </reporter-output>
        </test-method> <!-- testShareCalculation -->
        <test-method signature="testShareCalculation(int,double,double,double,int)[pri:0, instance:com.crd.RebalancerTest@7e6f74c]" started-at="2026-03-22T09:15:00 EDT" name="testShareCalculation" data-provider="rebalanceData" finished-at="2026-03-22T09:15:00 EDT" duration-ms="0" status="PASS">
          <params>
            <param index="0">
              <value>
                <![CDATA[100000]]>
              </value>
            </param>
            <param index="1">
              <value>
                <![CDATA[20]]>
              </value>
            </param>
            <param index="2">
              <value>
                <![CDATA[20]]>
              </value>
            </param>
            <param index="3">
              <value>
                <![CDATA[70]]>
              </value>
            </param>
            <param index="4">
              <value>
                <![CDATA[0]]>
              </value>
            </param>
          </params>
          <reporter-output>
          </reporter-output>
        </test-method> <!-- testShareCalculation -->
        <test-method signature="testVarianceNegativeBUY()[pri:0, instance:com.crd.RebalancerTest@7e6f74c]" started-at="2026-03-22T09:15:00 EDT" name="testVarianceNegativeBUY" finished-at="2026-03-22T09:15:00 EDT" duration-ms="0" status="PASS">
          <reporter-output>
          </reporter-output>
        </test-method> <!-- testVarianceNegativeBUY -->
        <test-method signature="testVariancePositiveSELL()[pri:0, instance:com.crd.RebalancerTest@7e6f74c]" started-at="2026-03-22T09:15:00 EDT" name="testVariancePositiveSELL" finished-at="2026-03-22T09:15:00 EDT" duration-ms="3" status="PASS">
          <reporter-output>
          </reporter-output>
        </test-method> <!-- testVariancePositiveSELL -->
        <test-method signature="testVarianceZeroHOLD()[pri:0, instance:com.crd.RebalancerTest@7e6f74c]" started-at="2026-03-22T09:15:00 EDT" name="testVarianceZeroHOLD" finished-at="2026-03-22T09:15:00 EDT" duration-ms="0" status="PASS">
          <reporter-output>
          </reporter-output>
        </test-method> <!-- testVarianceZeroHOLD -->
        <test-method signature="testVerySmallVariance()[pri:0, instance:com.crd.RebalancerTest@7e6f74c]" started-at="2026-03-22T09:15:00 EDT" name="testVerySmallVariance" finished-at="2026-03-22T09:15:00 EDT" duration-ms="2" status="PASS">
          <reporter-output>
          </reporter-output>
        </test-method> <!-- testVerySmallVariance -->
        <test-method signature="totalAssetNegative()[pri:0, instance:com.crd.RebalancerTest@7e6f74c]" started-at="2026-03-22T09:15:00 EDT" name="totalAssetNegative" finished-at="2026-03-22T09:15:00 EDT" duration-ms="0" status="PASS">
          <exception class="java.lang.IllegalArgumentException">
            <message>
              <![CDATA[Total Assets cannot be negative]]>
            </message>
            <full-stacktrace>
              <![CDATA[java.lang.IllegalArgumentException: Total Assets cannot be negative
at com.crd.Rebalancer.calculateShares(Rebalancer.java:24)
at com.crd.RebalancerTest.totalAssetNegative(RebalancerTest.java:75)
at java.base/jdk.internal.reflect.DirectMethodHandleAccessor.invoke(DirectMethodHandleAccessor.java:103)
at java.base/java.lang.reflect.Method.invoke(Method.java:580)
at org.testng.internal.invokers.MethodInvocationHelper.invokeMethod(MethodInvocationHelper.java:141)
at org.testng.internal.invokers.TestInvoker.invokeMethod(TestInvoker.java:687)
at org.testng.internal.invokers.TestInvoker.invokeTestMethod(TestInvoker.java:230)
at org.testng.internal.invokers.MethodRunner.runInSequence(MethodRunner.java:63)
at org.testng.internal.invokers.TestInvoker$MethodInvocationAgent.invoke(TestInvoker.java:995)
at org.testng.internal.invokers.TestInvoker.invokeTestMethods(TestInvoker.java:203)
at org.testng.internal.invokers.TestMethodWorker.invokeTestMethods(TestMethodWorker.java:154)
at org.testng.internal.invokers.TestMethodWorker.run(TestMethodWorker.java:134)
at java.base/java.util.ArrayList.forEach(ArrayList.java:1596)
at org.testng.TestRunner.privateRun(TestRunner.java:741)
at org.testng.TestRunner.run(TestRunner.java:616)
at org.testng.SuiteRunner.runTest(SuiteRunner.java:421)
at org.testng.SuiteRunner.runSequentially(SuiteRunner.java:413)
at org.testng.SuiteRunner.privateRun(SuiteRunner.java:373)
at org.testng.SuiteRunner.run(SuiteRunner.java:312)
at org.testng.SuiteRunnerWorker.runSuite(SuiteRunnerWorker.java:52)
at org.testng.SuiteRunnerWorker.run(SuiteRunnerWorker.java:95)
at org.testng.TestNG.runSuitesSequentially(TestNG.java:1274)
at org.testng.TestNG.runSuitesLocally(TestNG.java:1208)
at org.testng.TestNG.runSuites(TestNG.java:1112)
at org.testng.TestNG.run(TestNG.java:1079)
at org.testng.remote.AbstractRemoteTestNG.run(AbstractRemoteTestNG.java:115)
at org.testng.remote.RemoteTestNG.initAndRun(RemoteTestNG.java:293)
at org.testng.remote.RemoteTestNG.main(RemoteTestNG.java:91)
]]>
            </full-stacktrace>
          </exception> <!-- java.lang.IllegalArgumentException -->
          <reporter-output>
          </reporter-output>
        </test-method> <!-- totalAssetNegative -->
      </class> <!-- com.crd.RebalancerTest -->
    </test> <!-- Default test -->
  </suite> <!-- Default suite -->
</testng-results>
