<?xml version="1.0" encoding="UTF-8"?>
<!-- Generated by org.testng.reporters.JUnitXMLReporter -->
<testsuite ignored="0" hostname="MCTTSU21161" failures="0" tests="16" name="Default test" time="0.211" errors="0" timestamp="2026-03-22T09:15:00 EDT">
  <testcase classname="com.crd.RebalancerTest" name="currentPercentLessThanZero" time="0.027"/>
  <testcase classname="com.crd.RebalancerTest" name="priceZero" time="0.0"/>
  <testcase classname="com.crd.RebalancerTest" name="targetPercentLessThanZero" time="0.007"/>
  <testcase classname="com.crd.RebalancerTest" name="testBoundaryValues" time="0.006"/>
  <testcase classname="com.crd.RebalancerTest" name="testFractionalSharesRounding" time="0.0"/>
  <testcase classname="com.crd.RebalancerTest" name="testLargePortfolio" time="0.002"/>
  <testcase classname="com.crd.RebalancerTest" name="testShareCalculation" time="0.011"/>
  <testcase classname="com.crd.RebalancerTest" name="testShareCalculation" time="0.0"/>
  <testcase classname="com.crd.RebalancerTest" name="testShareCalculation" time="0.001"/>
  <testcase classname="com.crd.RebalancerTest" name="testShareCalculation" time="0.004"/>
  <testcase classname="com.crd.RebalancerTest" name="testShareCalculation" time="0.0"/>
  <testcase classname="com.crd.RebalancerTest" name="testVarianceNegativeBUY" time="0.0"/>
  <testcase classname="com.crd.RebalancerTest" name="testVariancePositiveSELL" time="0.003"/>
  <testcase classname="com.crd.RebalancerTest" name="testVarianceZeroHOLD" time="0.0"/>
  <testcase classname="com.crd.RebalancerTest" name="testVerySmallVariance" time="0.002"/>
  <testcase classname="com.crd.RebalancerTest" name="totalAssetNegative" time="0.0"/>
</testsuite> <!-- Default test -->
